<?xml version="1.0" encoding="UTF-8"?>
<testng-results skipped="0" failed="0" ignored="0" total="1" passed="1">
  <reporter-output>
  </reporter-output>
  <suite name="Banking" duration-ms="12000" started-at="2019-04-02T14:01:13Z" finished-at="2019-04-02T14:01:25Z">
    <groups>
    </groups>
    <test name="BankingApp test" duration-ms="12000" started-at="2019-04-02T14:01:13Z" finished-at="2019-04-02T14:01:25Z">
      <class name="com.qa.Banking.Testcases.TC_LoginTest_001">
        <test-method status="PASS" signature="setup(java.lang.String)[pri:0, instance:com.qa.Banking.Testcases.TC_LoginTest_001@15c43bd9]" name="setup" is-config="true" duration-ms="8016" started-at="2019-04-02T14:01:13Z" finished-at="2019-04-02T14:01:21Z">
          <params>
            <param index="0">
              <value>
                <![CDATA[chrome]]>
              </value>
            </param>
          </params>
          <reporter-output>
          </reporter-output>
        </test-method> <!-- setup -->
        <test-method status="PASS" signature="loginTest()[pri:0, instance:com.qa.Banking.Testcases.TC_LoginTest_001@15c43bd9]" name="loginTest" duration-ms="3313" started-at="2019-04-02T14:01:21Z" finished-at="2019-04-02T14:01:24Z">
          <reporter-output>
          </reporter-output>
        </test-method> <!-- loginTest -->
        <test-method status="PASS" signature="tearDown()[pri:0, instance:com.qa.Banking.Testcases.TC_LoginTest_001@15c43bd9]" name="tearDown" is-config="true" duration-ms="89" started-at="2019-04-02T14:01:24Z" finished-at="2019-04-02T14:01:25Z">
          <reporter-output>
          </reporter-output>
        </test-method> <!-- tearDown -->
      </class> <!-- com.qa.Banking.Testcases.TC_LoginTest_001 -->
    </test> <!-- BankingApp test -->
  </suite> <!-- Banking -->
</testng-results>
